0	00:02:41.236	Script !TradeExecutor_v1 AUDUSD,M15: loaded successfully
0	00:02:48.509	Script !TradeExecutor_v1 AUDUSD,M15: removed
0	00:02:52.513	updatetrade AUDUSD,M15: uninit reason 1
0	00:02:52.517	Expert updatetrade AUDUSD,M15: removed
0	00:02:56.088	Expert New\updatetrade AUDUSD,M15: loaded successfully
0	00:02:57.813	updatetrade AUDUSD,M15 inputs: RR_Ratio=1.5; newSLPips=2.0; 
0	00:02:57.903	updatetrade AUDUSD,M15: initialized
0	00:03:04.184	Script !TradeExecutor_v1 AUDUSD,M15: loaded successfully
0	00:03:20.584	!TradeExecutor_v1 AUDUSD,M15 inputs: orderType=1; Account=11.11; Percentage_Risk=100.0; totalLot=0.0; print_lot=1; numOfOrders=1; comment=; PendingOrderPrice=0.0; Sl_Tp_Type=1; Set_SL=1; sl=22.0; tp=44.0; execute_trade=1; send_signal=1; consider=Hey!!! I am considering this setup --- ; ratio=3.0; link=; 
0	00:03:22.041	!TradeExecutor_v1 AUDUSD,M15: initialized
2	00:03:22.480	!TradeExecutor_v1 AUDUSD,M15: open #40564737 buy 0.05 AUDUSD at 0.72472 ok
0	00:03:22.480	!TradeExecutor_v1 AUDUSD,M15: Error = no error
2	00:03:22.869	!TradeExecutor_v1 AUDUSD,M15: modify #40564737 buy 0.05 AUDUSD at 0.72472 sl: 0.72252 tp: 0.72912 ok
0	00:03:30.844	!TradeExecutor_v1 AUDUSD,M15: uninit reason 0
0	00:03:30.856	Script !TradeExecutor_v1 AUDUSD,M15: removed
0	00:09:43.466	Script !TradeExecutor_v1 AUDUSD,M15: loaded successfully
0	00:09:53.528	!TradeExecutor_v1 AUDUSD,M15 inputs: orderType=1; Account=11.11; Percentage_Risk=100.0; totalLot=0.0; print_lot=1; numOfOrders=1; comment=; PendingOrderPrice=0.0; Sl_Tp_Type=1; Set_SL=1; sl=22.0; tp=33.0; execute_trade=1; send_signal=1; consider=Hey!!! I am considering this setup --- ; ratio=3.0; link=; 
0	00:09:55.784	!TradeExecutor_v1 AUDUSD,M15: initialized
2	00:09:56.283	!TradeExecutor_v1 AUDUSD,M15: open #40565447 buy 0.05 AUDUSD at 0.72459 ok
0	00:09:56.283	!TradeExecutor_v1 AUDUSD,M15: Error = no error
2	00:09:56.766	!TradeExecutor_v1 AUDUSD,M15: modify #40565447 buy 0.05 AUDUSD at 0.72459 sl: 0.72239 tp: 0.72789 ok
0	00:10:00.806	!TradeExecutor_v1 AUDUSD,M15: uninit reason 0
0	00:10:00.819	Script !TradeExecutor_v1 AUDUSD,M15: removed
0	00:16:39.008	Script !TradeExecutor_v1 AUDUSD,M15: loaded successfully
0	00:16:50.914	!TradeExecutor_v1 AUDUSD,M15 inputs: orderType=1; Account=11.11; Percentage_Risk=100.0; totalLot=0.0; print_lot=1; numOfOrders=1; comment=; PendingOrderPrice=0.0; Sl_Tp_Type=1; Set_SL=1; sl=33.0; tp=44.0; execute_trade=1; send_signal=1; consider=Hey!!! I am considering this setup --- ; ratio=3.0; link=; 
0	00:16:52.532	!TradeExecutor_v1 AUDUSD,M15: initialized
2	00:16:53.043	!TradeExecutor_v1 AUDUSD,M15: open #40566428 buy 0.03 AUDUSD at 0.72444 ok
0	00:16:53.043	!TradeExecutor_v1 AUDUSD,M15: Error = no error
2	00:16:53.482	!TradeExecutor_v1 AUDUSD,M15: modify #40566428 buy 0.03 AUDUSD at 0.72444 sl: 0.72114 tp: 0.72884 ok
0	00:16:57.277	!TradeExecutor_v1 AUDUSD,M15: uninit reason 0
0	00:16:57.293	Script !TradeExecutor_v1 AUDUSD,M15: removed
0	00:18:37.636	updatetrade AUDUSD,M15: uninit reason 2
0	00:18:37.639	Expert updatetrade AUDUSD,M15: removed
0	00:18:37.664	Expert New\updatetrade AUDUSD,M15: loaded successfully
0	00:18:37.705	updatetrade AUDUSD,M15: initialized
0	00:18:39.920	updatetrade AUDUSD,M15: uninit reason 2
0	00:18:39.924	Expert updatetrade AUDUSD,M15: removed
0	00:18:39.953	Expert New\updatetrade AUDUSD,M15: loaded successfully
0	00:18:39.988	updatetrade AUDUSD,M15: initialized
0	00:18:48.361	Script !TradeExecutor_v1 AUDUSD,M15: loaded successfully
0	00:18:58.759	!TradeExecutor_v1 AUDUSD,M15 inputs: orderType=1; Account=11.11; Percentage_Risk=100.0; totalLot=0.0; print_lot=1; numOfOrders=1; comment=; PendingOrderPrice=0.0; Sl_Tp_Type=2; Set_SL=1; sl=44.0; tp=66.0; execute_trade=1; send_signal=1; consider=Hey!!! I am considering this setup --- ; ratio=3.0; link=; 
0	00:19:01.003	!TradeExecutor_v1 AUDUSD,M15: initialized
3	00:19:01.003	!TradeExecutor_v1 AUDUSD,M15: invalid lots amount for OrderSend function
0	00:19:01.003	!TradeExecutor_v1 AUDUSD,M15: Error = invalid function parameter value
0	00:19:04.873	!TradeExecutor_v1 AUDUSD,M15: uninit reason 0
0	00:19:04.893	Script !TradeExecutor_v1 AUDUSD,M15: removed
0	00:19:48.072	Script !TradeExecutor_v1 AUDUSD,M15: loaded successfully
0	00:20:10.254	!TradeExecutor_v1 AUDUSD,M15 inputs: orderType=1; Account=11.11; Percentage_Risk=100.0; totalLot=0.0; print_lot=1; numOfOrders=1; comment=; PendingOrderPrice=0.0; Sl_Tp_Type=1; Set_SL=1; sl=33.0; tp=99.0; execute_trade=1; send_signal=1; consider=Hey!!! I am considering this setup --- ; ratio=3.0; link=; 
0	00:20:12.049	!TradeExecutor_v1 AUDUSD,M15: initialized
2	00:20:12.744	!TradeExecutor_v1 AUDUSD,M15: open #40566814 buy 0.03 AUDUSD at 0.72449 ok
0	00:20:12.744	!TradeExecutor_v1 AUDUSD,M15: Error = no error
2	00:20:13.155	!TradeExecutor_v1 AUDUSD,M15: modify #40566814 buy 0.03 AUDUSD at 0.72449 sl: 0.72119 tp: 0.73439 ok
0	00:20:16.175	!TradeExecutor_v1 AUDUSD,M15: uninit reason 0
0	00:20:16.182	Script !TradeExecutor_v1 AUDUSD,M15: removed
0	00:30:29.428	Script !TradeExecutor_v1 AUDUSD,M15: loaded successfully
0	00:30:39.982	!TradeExecutor_v1 AUDUSD,M15 inputs: orderType=1; Account=11.11; Percentage_Risk=100.0; totalLot=0.0; print_lot=1; numOfOrders=1; comment=; PendingOrderPrice=0.0; Sl_Tp_Type=2; Set_SL=1; sl=55.0; tp=55.0; execute_trade=1; send_signal=1; consider=Hey!!! I am considering this setup --- ; ratio=3.0; link=; 
0	00:30:41.575	!TradeExecutor_v1 AUDUSD,M15: initialized
3	00:30:41.575	!TradeExecutor_v1 AUDUSD,M15: invalid lots amount for OrderSend function
0	00:30:41.575	!TradeExecutor_v1 AUDUSD,M15: Error = invalid function parameter value
0	00:30:41.575	!TradeExecutor_v1 AUDUSD,M15: uninit reason 0
0	00:30:41.585	Script !TradeExecutor_v1 AUDUSD,M15: removed
0	00:30:46.789	Script !TradeExecutor_v1 AUDUSD,M15: loaded successfully
0	00:31:00.841	!TradeExecutor_v1 AUDUSD,M15 inputs: orderType=1; Account=11.11; Percentage_Risk=100.0; totalLot=0.0; print_lot=1; numOfOrders=1; comment=; PendingOrderPrice=0.0; Sl_Tp_Type=1; Set_SL=1; sl=44.0; tp=66.0; execute_trade=1; send_signal=1; consider=Hey!!! I am considering this setup --- ; ratio=3.0; link=; 
0	00:31:02.292	!TradeExecutor_v1 AUDUSD,M15: initialized
2	00:31:02.776	!TradeExecutor_v1 AUDUSD,M15: open #40567708 buy 0.03 AUDUSD at 0.72436 ok
0	00:31:02.776	!TradeExecutor_v1 AUDUSD,M15: Error = no error
2	00:31:03.151	!TradeExecutor_v1 AUDUSD,M15: modify #40567708 buy 0.03 AUDUSD at 0.72436 sl: 0.71996 tp: 0.73096 ok
0	00:31:23.573	!TradeExecutor_v1 AUDUSD,M15: uninit reason 0
0	00:31:23.581	Script !TradeExecutor_v1 AUDUSD,M15: removed
0	00:32:41.544	Script !TradeExecutor_v1 AUDUSD,M15: loaded successfully
0	00:32:52.428	!TradeExecutor_v1 AUDUSD,M15 inputs: orderType=1; Account=11.11; Percentage_Risk=100.0; totalLot=0.0; print_lot=1; numOfOrders=1; comment=; PendingOrderPrice=0.0; Sl_Tp_Type=1; Set_SL=1; sl=22.0; tp=55.0; execute_trade=1; send_signal=1; consider=Hey!!! I am considering this setup --- ; ratio=3.0; link=; 
0	00:32:53.929	!TradeExecutor_v1 AUDUSD,M15: initialized
2	00:32:54.372	!TradeExecutor_v1 AUDUSD,M15: open #40567768 buy 0.05 AUDUSD at 0.72439 ok
0	00:32:54.372	!TradeExecutor_v1 AUDUSD,M15: Error = no error
2	00:32:54.753	!TradeExecutor_v1 AUDUSD,M15: modify #40567768 buy 0.05 AUDUSD at 0.72439 sl: 0.72219 tp: 0.72989 ok
0	00:32:59.379	!TradeExecutor_v1 AUDUSD,M15: uninit reason 0
0	00:32:59.391	Script !TradeExecutor_v1 AUDUSD,M15: removed
0	00:44:09.949	Script !TradeExecutor_v1 AUDUSD,M15: loaded successfully
0	00:44:15.951	Compiling 'New\updatetrade'
0	00:44:20.404	Script !TradeExecutor_v1 AUDUSD,M15: removed
0	00:44:20.948	updatetrade AUDUSD,M15: uninit reason 2
0	00:44:20.952	Expert updatetrade AUDUSD,M15: removed
0	00:44:20.976	Expert New\updatetrade AUDUSD,M15: loaded successfully
0	00:44:21.029	updatetrade AUDUSD,M15: initialized
0	00:44:26.247	updatetrade AUDUSD,M15: uninit reason 1
0	00:44:26.254	Expert updatetrade AUDUSD,M15: removed
0	00:44:30.116	Expert New\updatetrade AUDUSD,M15: loaded successfully
0	00:44:32.731	updatetrade AUDUSD,M15 inputs: RR_Ratio=1.5; newSLPips=2.0; 
0	00:44:32.773	updatetrade AUDUSD,M15: initialized
0	00:44:42.266	Script !TradeExecutor_v1 AUDUSD,M15: loaded successfully
0	00:45:05.619	!TradeExecutor_v1 AUDUSD,M15 inputs: orderType=1; Account=11.11; Percentage_Risk=100.0; totalLot=0.0; print_lot=1; numOfOrders=1; comment=; PendingOrderPrice=0.0; Sl_Tp_Type=1; Set_SL=1; sl=44.0; tp=77.0; execute_trade=1; send_signal=1; consider=Hey!!! I am considering this setup --- ; ratio=3.0; link=; 
0	00:45:07.331	!TradeExecutor_v1 AUDUSD,M15: initialized
2	00:45:07.739	!TradeExecutor_v1 AUDUSD,M15: open #40568931 buy 0.03 AUDUSD at 0.72427 ok
0	00:45:07.739	!TradeExecutor_v1 AUDUSD,M15: Error = no error
2	00:45:08.141	!TradeExecutor_v1 AUDUSD,M15: modify #40568931 buy 0.03 AUDUSD at 0.72427 sl: 0.71987 tp: 0.73197 ok
0	00:45:12.432	!TradeExecutor_v1 AUDUSD,M15: uninit reason 0
0	00:45:12.442	Script !TradeExecutor_v1 AUDUSD,M15: removed
0	00:47:39.897	updatetrade AUDUSD,M15: uninit reason 2
0	00:47:39.901	Expert updatetrade AUDUSD,M15: removed
0	00:47:39.922	Expert New\updatetrade AUDUSD,M15: loaded successfully
0	00:47:39.971	updatetrade AUDUSD,M15: initialized
0	00:47:50.902	updatetrade AUDUSD,M15: uninit reason 3
0	00:47:50.904	Tick-Value ENV-check AUDUSD,M15: uninit reason 3
0	00:47:50.911	Tick-Value ENV-check EURGBP,M15: initialized
0	00:47:51.245	updatetrade EURGBP,M15: initialized
0	00:47:52.942	Script !TradeExecutor_v1 EURGBP,M15: loaded successfully
0	00:48:07.601	!TradeExecutor_v1 EURGBP,M15 inputs: orderType=2; Account=11.11; Percentage_Risk=100.0; totalLot=0.0; print_lot=1; numOfOrders=1; comment=; PendingOrderPrice=0.0; Sl_Tp_Type=1; Set_SL=1; sl=15.0; tp=55.0; execute_trade=1; send_signal=1; consider=Hey!!! I am considering this setup --- ; ratio=3.0; link=; 
0	00:48:08.940	!TradeExecutor_v1 EURGBP,M15: initialized
2	00:48:09.402	!TradeExecutor_v1 EURGBP,M15: open #40569319 sell 0.06 EURGBP at 0.84442 ok
0	00:48:09.402	!TradeExecutor_v1 EURGBP,M15: Error = no error
2	00:48:09.844	!TradeExecutor_v1 EURGBP,M15: modify #40569319 sell 0.06 EURGBP at 0.84442 sl: 0.84592 tp: 0.83892 ok
0	00:48:12.856	!TradeExecutor_v1 EURGBP,M15: uninit reason 0
0	00:48:12.866	Script !TradeExecutor_v1 EURGBP,M15: removed
0	00:48:27.386	updatetrade EURGBP,M15: uninit reason 1
0	00:48:27.391	Expert updatetrade EURGBP,M15: removed
0	00:48:30.230	Expert New\updatetrade EURGBP,M15: loaded successfully
0	00:48:32.075	updatetrade EURGBP,M15 inputs: RR_Ratio=1.5; newSLPips=2.0; 
0	00:48:32.127	updatetrade EURGBP,M15: initialized
0	00:50:47.128	Script !TradeExecutor_v1 EURGBP,M15: loaded successfully
0	00:50:56.823	!TradeExecutor_v1 EURGBP,M15 inputs: orderType=1; Account=11.11; Percentage_Risk=100.0; totalLot=0.0; print_lot=1; numOfOrders=1; comment=; PendingOrderPrice=0.0; Sl_Tp_Type=1; Set_SL=1; sl=12.0; tp=34.0; execute_trade=1; send_signal=1; consider=Hey!!! I am considering this setup --- ; ratio=3.0; link=; 
0	00:50:58.349	!TradeExecutor_v1 EURGBP,M15: initialized
2	00:50:58.752	!TradeExecutor_v1 EURGBP,M15: open #40569640 buy 0.07 EURGBP at 0.84449 ok
0	00:50:58.752	!TradeExecutor_v1 EURGBP,M15: Error = no error
2	00:50:59.148	!TradeExecutor_v1 EURGBP,M15: modify #40569640 buy 0.07 EURGBP at 0.84449 sl: 0.84329 tp: 0.84789 ok
0	00:51:02.857	!TradeExecutor_v1 EURGBP,M15: uninit reason 0
0	00:51:02.869	Script !TradeExecutor_v1 EURGBP,M15: removed
0	00:54:11.272	updatetrade EURGBP,M15: uninit reason 2
0	00:54:11.276	Expert updatetrade EURGBP,M15: removed
0	00:54:11.305	Expert New\updatetrade EURGBP,M15: loaded successfully
0	00:54:11.385	updatetrade EURGBP,M15: initialized
0	00:55:00.969	Script !TradeExecutor_v1 EURGBP,M15: loaded successfully
0	00:55:14.816	!TradeExecutor_v1 EURGBP,M15 inputs: orderType=1; Account=11.11; Percentage_Risk=100.0; totalLot=0.0; print_lot=1; numOfOrders=1; comment=; PendingOrderPrice=0.0; Sl_Tp_Type=1; Set_SL=1; sl=55.0; tp=77.0; execute_trade=1; send_signal=1; consider=Hey!!! I am considering this setup --- ; ratio=3.0; link=; 
0	00:55:16.181	!TradeExecutor_v1 EURGBP,M15: initialized
2	00:55:16.647	!TradeExecutor_v1 EURGBP,M15: open #40570411 buy 0.02 EURGBP at 0.84451 ok
0	00:55:16.647	!TradeExecutor_v1 EURGBP,M15: Error = no error
2	00:55:17.176	!TradeExecutor_v1 EURGBP,M15: modify #40570411 buy 0.02 EURGBP at 0.84451 sl: 0.83901 tp: 0.85221 ok
0	00:55:18.894	!TradeExecutor_v1 EURGBP,M15: uninit reason 0
0	00:55:18.900	Script !TradeExecutor_v1 EURGBP,M15: removed
0	08:41:08.377	Script !TradeExecutor_v1 EURGBP,M15: loaded successfully
0	08:41:23.028	!TradeExecutor_v1 EURGBP,M15 inputs: orderType=1; Account=11.11; Percentage_Risk=100.0; totalLot=0.0; print_lot=1; numOfOrders=1; comment=; PendingOrderPrice=0.0; Sl_Tp_Type=1; Set_SL=1; sl=33.0; tp=55.0; execute_trade=1; send_signal=1; consider=Hey!!! I am considering this setup --- ; ratio=3.0; link=; 
0	08:41:24.618	!TradeExecutor_v1 EURGBP,M15: initialized
2	08:41:25.117	!TradeExecutor_v1 EURGBP,M15: open #40610313 buy 0.03 EURGBP at 0.84590 ok
0	08:41:25.117	!TradeExecutor_v1 EURGBP,M15: Error = no error
2	08:41:25.611	!TradeExecutor_v1 EURGBP,M15: modify #40610313 buy 0.03 EURGBP at 0.84590 sl: 0.84260 tp: 0.85140 ok
0	08:41:29.429	!TradeExecutor_v1 EURGBP,M15: uninit reason 0
0	08:41:29.448	Script !TradeExecutor_v1 EURGBP,M15: removed
0	10:13:07.861	updatetrade EURGBP,M15: uninit reason 2
0	10:13:07.883	Expert updatetrade EURGBP,M15: removed
0	10:13:07.941	Expert New\updatetrade EURGBP,M15: loaded successfully
0	10:13:08.135	updatetrade EURGBP,M15: initialized
0	10:13:27.255	Compiling 'New\updatecurrencies'
0	10:16:09.405	Custom indicator Custom\Tick-Value ENV-check EURAUD,H1: loaded successfully
0	10:16:09.444	Expert KillerBOT EURAUD,H1: loaded successfully
0	10:16:09.498	Tick-Value ENV-check EURAUD,H1: initialized
0	10:16:09.554	KillerBOT EURAUD,H1: initialized
0	10:16:19.870	KillerBOT EURAUD,H1: Alert: buy: AUDCAD
0	10:16:20.009	KillerBOT EURAUD,H1: Alert: buy: AUDUSD
0	10:16:20.158	KillerBOT EURAUD,H1: Alert: buy: CHFJPY
0	10:16:20.422	KillerBOT EURAUD,H1: Alert: sell: GBPTRY
0	10:16:20.724	KillerBOT EURAUD,H1: Alert: buy: USDJPY
0	10:16:20.854	KillerBOT EURAUD,H1: Alert: sell: USDTRY
0	10:16:20.991	KillerBOT EURAUD,H1: Alert: buy: AUDCAD
0	10:16:21.103	KillerBOT EURAUD,H1: Alert: buy: CHFJPY
0	10:16:21.359	KillerBOT EURAUD,H1: Alert: sell: GBPTRY
0	10:16:21.529	KillerBOT EURAUD,H1: Alert: buy: USDJPY
0	10:16:21.606	KillerBOT EURAUD,H1: Alert: sell: USDTRY
0	10:16:33.458	Tick-Value ENV-check EURAUD,H1: uninit reason 7
0	10:16:33.458	KillerBOT EURAUD,H1: uninit reason 7
0	10:16:33.521	Expert KillerBOT EURAUD,H1: removed
0	10:16:33.523	Custom indicator Tick-Value ENV-check EURAUD,H1: removed
0	10:16:33.567	Custom indicator Custom\Tick-Value ENV-check EURAUD,H1: loaded successfully
0	10:16:33.601	Expert KillerBOT EURAUD,H1: loaded successfully
0	10:16:33.657	Tick-Value ENV-check EURAUD,H1: initialized
0	10:16:33.745	KillerBOT EURAUD,H1: initialized
0	10:16:39.512	Tick-Value ENV-check EURAUD,H1: uninit reason 7
0	10:16:39.512	KillerBOT EURAUD,H1: uninit reason 7
0	10:16:39.529	Expert KillerBOT EURAUD,H1: removed
0	10:16:39.537	Custom indicator Tick-Value ENV-check EURAUD,H1: removed
0	10:16:39.574	Custom indicator Custom\Tick-Value ENV-check EURAUD,H1: loaded successfully
0	10:16:39.608	Expert KillerBOT EURAUD,H1: loaded successfully
0	10:16:39.668	Tick-Value ENV-check EURAUD,H1: initialized
0	10:16:39.745	KillerBOT EURAUD,H1: initialized
0	10:16:44.102	KillerBOT EURAUD,H1: Alert: buy: AUDCAD
0	10:16:44.315	KillerBOT EURAUD,H1: Alert: buy: CHFJPY
0	10:16:44.468	KillerBOT EURAUD,H1: Alert: sell: GBPTRY
0	10:16:44.633	KillerBOT EURAUD,H1: Alert: buy: USDJPY
0	10:16:47.272	KillerBOT EURAUD,H1: Alert: buy: AUDCAD
0	10:16:47.362	KillerBOT EURAUD,H1: Alert: buy: CADJPY
0	10:16:47.447	KillerBOT EURAUD,H1: Alert: buy: CHFJPY
0	10:16:47.520	KillerBOT EURAUD,H1: Alert: buy: EURUSD
0	10:16:47.609	KillerBOT EURAUD,H1: Alert: sell: GBPTRY
0	10:16:47.619	Tick-Value ENV-check EURAUD,H1: uninit reason 7
0	10:16:47.686	KillerBOT EURAUD,H1: Alert: sell: USDCHF
0	10:16:47.767	KillerBOT EURAUD,H1: Alert: sell: USDCNH
0	10:16:47.860	KillerBOT EURAUD,H1: Alert: buy: USDJPY
0	10:16:47.888	KillerBOT EURAUD,H1: uninit reason 7
0	10:16:47.940	Expert KillerBOT EURAUD,H1: removed
0	10:16:47.947	Custom indicator Tick-Value ENV-check EURAUD,H1: removed
0	10:16:47.980	Custom indicator Custom\Tick-Value ENV-check EURAUD,H1: loaded successfully
0	10:16:48.021	Tick-Value ENV-check EURAUD,H1: initialized
0	10:16:54.941	Expert New\updatecurrencies EURAUD,H1: loaded successfully
0	10:16:59.802	updatecurrencies EURAUD,H1: initialized
3	10:26:42.507	updatecurrencies EURAUD,H1: shutdown by timeout
1	10:26:50.528	updatecurrencies EURAUD,H1: Abnormal termination
0	10:26:50.528	updatecurrencies EURAUD,H1: uninit reason 1
0	10:26:50.528	Expert updatecurrencies EURAUD,H1: removed
0	10:32:10.446	Expert New\updatecurrencies EURAUD,H1: loaded successfully
0	10:32:13.046	updatecurrencies EURAUD,H1: initialized
3	10:33:37.505	updatecurrencies EURAUD,H1: shutdown by timeout
1	10:33:45.158	updatecurrencies EURAUD,H1: Abnormal termination
0	10:33:45.158	updatecurrencies EURAUD,H1: uninit reason 1
0	10:33:45.158	Expert updatecurrencies EURAUD,H1: removed
0	10:33:57.436	Expert New\updatecurrencies EURAUD,H1: loaded successfully
0	10:33:59.755	updatecurrencies EURAUD,H1: initialized
3	10:34:55.525	updatecurrencies EURAUD,H1: shutdown by timeout
1	10:35:03.602	updatecurrencies EURAUD,H1: Abnormal termination
0	10:35:03.602	updatecurrencies EURAUD,H1: uninit reason 1
0	10:35:03.602	Expert updatecurrencies EURAUD,H1: removed
0	10:36:28.969	Expert New\updatecurrencies EURAUD,H1: loaded successfully
0	10:36:30.790	updatecurrencies EURAUD,H1: initialized
3	10:37:02.518	updatecurrencies EURAUD,H1: shutdown by timeout
1	10:37:10.522	updatecurrencies EURAUD,H1: Abnormal termination
0	10:37:10.522	updatecurrencies EURAUD,H1: uninit reason 1
0	10:37:10.522	Expert updatecurrencies EURAUD,H1: removed
0	10:37:18.350	Expert New\updatecurrencies EURAUD,H1: loaded successfully
0	10:37:20.160	updatecurrencies EURAUD,H1: initialized
0	10:56:34.297	updatecurrencies EURAUD,H1: uninit reason 1
0	10:56:34.323	Expert updatecurrencies EURAUD,H1: removed
0	10:56:41.544	Expert New\updatecurrencies EURAUD,H1: loaded successfully
0	10:56:43.158	updatecurrencies EURAUD,H1: initialized
0	10:58:56.231	updatecurrencies EURAUD,H1: uninit reason 3
0	10:58:56.246	Tick-Value ENV-check EURAUD,H1: uninit reason 3
0	10:58:56.246	Tick-Value ENV-check GBPJPY,H1: initialized
0	10:58:56.470	updatecurrencies GBPJPY,H1: initialized
0	11:05:02.368	updatecurrencies GBPJPY,H1: uninit reason 1
0	11:05:02.384	Expert updatecurrencies GBPJPY,H1: removed
0	11:05:06.556	Expert New\updatecurrencies GBPJPY,H1: loaded successfully
0	11:05:08.185	updatecurrencies GBPJPY,H1: initialized
0	11:08:04.410	updatecurrencies GBPJPY,H1: uninit reason 2
0	11:08:04.433	Expert updatecurrencies GBPJPY,H1: removed
0	11:08:04.459	Expert New\updatecurrencies GBPJPY,H1: loaded successfully
0	11:08:04.534	updatecurrencies GBPJPY,H1: initialized
0	11:10:40.424	updatecurrencies GBPJPY,H1: uninit reason 2
0	11:10:40.440	Expert updatecurrencies GBPJPY,H1: removed
0	11:10:40.466	Expert New\updatecurrencies GBPJPY,H1: loaded successfully
0	11:10:40.523	updatecurrencies GBPJPY,H1: initialized
0	11:11:03.032	updatecurrencies GBPJPY,H1: uninit reason 1
0	11:11:03.048	Expert updatecurrencies GBPJPY,H1: removed
0	11:11:05.423	Expert New\updatecurrencies GBPJPY,H1: loaded successfully
0	11:11:06.868	updatecurrencies GBPJPY,H1: initialized
0	11:40:39.467	updatecurrencies GBPJPY,H1: uninit reason 1
0	11:40:39.483	Expert updatecurrencies GBPJPY,H1: removed
0	11:40:42.143	Expert New\updatecurrencies GBPJPY,H1: loaded successfully
0	11:40:43.585	updatecurrencies GBPJPY,H1: initialized
0	11:42:14.913	updatecurrencies GBPJPY,H1: uninit reason 3
0	11:42:14.929	Tick-Value ENV-check GBPJPY,H1: uninit reason 3
0	11:42:14.929	Tick-Value ENV-check AUDJPY,H1: initialized
0	11:42:14.929	updatecurrencies AUDJPY,H1: initialized
0	11:42:22.899	updatecurrencies AUDJPY,H1: uninit reason 3
0	11:42:22.901	Tick-Value ENV-check AUDJPY,H1: uninit reason 3
0	11:42:22.901	Tick-Value ENV-check AUDJPY,H4: initialized
0	11:42:22.902	updatecurrencies AUDJPY,H4: initialized
0	11:49:02.834	updatecurrencies AUDJPY,H4: uninit reason 2
0	11:49:02.837	Expert updatecurrencies AUDJPY,H4: removed
0	11:49:02.859	Expert New\updatecurrencies AUDJPY,H4: loaded successfully
0	11:49:02.909	updatecurrencies AUDJPY,H4: initialized
0	11:49:30.160	updatecurrencies AUDJPY,H4: uninit reason 1
0	11:49:30.175	Expert updatecurrencies AUDJPY,H4: removed
0	11:49:31.876	Expert New\updatecurrencies AUDJPY,H4: loaded successfully
0	11:49:33.667	updatecurrencies AUDJPY,H4: initialized
3	11:50:12.511	updatecurrencies AUDJPY,H4: shutdown by timeout
0	11:50:13.103	updatecurrencies AUDJPY,H4: uninit reason 1
0	11:50:13.119	Expert updatecurrencies AUDJPY,H4: removed
0	11:50:41.323	Expert New\updatecurrencies AUDJPY,H4: loaded successfully
0	11:50:42.522	updatecurrencies AUDJPY,H4: initialized
3	11:51:43.531	updatecurrencies AUDJPY,H4: shutdown by timeout
0	11:51:44.954	updatecurrencies AUDJPY,H4: uninit reason 1
0	11:51:44.957	Expert updatecurrencies AUDJPY,H4: removed
0	11:57:02.594	Expert New\updatecurrencies AUDJPY,H4: loaded successfully
0	11:57:03.939	Expert updatecurrencies AUDJPY,H4: removed
0	11:57:08.625	Expert New\updatecurrencies AUDJPY,H4: loaded successfully
0	11:57:09.935	updatecurrencies AUDJPY,H4: initialized
0	12:17:53.637	updatecurrencies AUDJPY,H4: uninit reason 3
0	12:17:53.653	Tick-Value ENV-check AUDJPY,H4: uninit reason 3
0	12:17:53.654	Tick-Value ENV-check USDCAD,H4: initialized
0	12:17:53.843	updatecurrencies USDCAD,H4: initialized
0	12:18:34.382	updatecurrencies USDCAD,H4: uninit reason 3
0	12:18:34.397	Tick-Value ENV-check USDCAD,H4: uninit reason 3
0	12:18:34.397	Tick-Value ENV-check EURCHF,H4: initialized
0	12:18:34.677	updatecurrencies EURCHF,H4: initialized
0	12:18:39.272	updatecurrencies EURCHF,H4: uninit reason 3
0	12:18:39.287	Tick-Value ENV-check EURCHF,H4: uninit reason 3
0	12:18:39.287	Tick-Value ENV-check EURCHF,H1: initialized
0	12:18:39.287	updatecurrencies EURCHF,H1: initialized
0	12:18:42.424	updatecurrencies EURCHF,H1: uninit reason 3
0	12:18:42.440	Tick-Value ENV-check EURCHF,H1: uninit reason 3
0	12:18:42.440	Tick-Value ENV-check EURCHF,M5: initialized
0	12:18:42.891	Tick-Value ENV-check EURCHF,M5: uninit reason 3
0	12:18:42.891	Tick-Value ENV-check EURCHF,M15: initialized
0	12:18:42.891	updatecurrencies EURCHF,M15: initialized
0	12:19:22.106	updatecurrencies EURCHF,M15: uninit reason 3
0	12:19:22.131	Tick-Value ENV-check EURCHF,M15: uninit reason 3
0	12:19:22.131	Tick-Value ENV-check CADJPY,M15: initialized
0	12:19:22.131	updatecurrencies CADJPY,M15: initialized
0	12:19:52.607	updatecurrencies CADJPY,M15: uninit reason 3
0	12:19:52.633	Tick-Value ENV-check CADJPY,M15: uninit reason 3
0	12:19:52.633	Tick-Value ENV-check USDMXN,M15: initialized
0	12:19:52.845	updatecurrencies USDMXN,M15: initialized
0	12:23:02.609	updatecurrencies USDMXN,M15: uninit reason 3
0	12:23:02.625	Tick-Value ENV-check USDMXN,M15: uninit reason 3
0	12:23:02.625	Tick-Value ENV-check CADJPY,M15: initialized
0	12:23:02.625	updatecurrencies CADJPY,M15: initialized
0	12:23:04.765	updatecurrencies CADJPY,M15: uninit reason 3
0	12:23:04.780	Tick-Value ENV-check CADJPY,M15: uninit reason 3
0	12:23:04.780	Tick-Value ENV-check CADJPY,Daily: initialized
0	12:23:04.780	updatecurrencies CADJPY,Daily: initialized
0	12:33:39.669	updatecurrencies CADJPY,Daily: uninit reason 2
0	12:33:39.669	Expert updatecurrencies CADJPY,Daily: removed
0	12:33:39.684	Expert New\updatecurrencies CADJPY,Daily: loaded successfully
0	12:33:39.721	updatecurrencies CADJPY,Daily: initialized
0	12:34:30.974	updatecurrencies CADJPY,Daily: uninit reason 3
0	12:34:30.989	Tick-Value ENV-check CADJPY,Daily: uninit reason 3
0	12:34:30.989	Tick-Value ENV-check DXY_Z9,Daily: initialized
3	12:34:30.989	updatecurrencies DXY_Z9,Daily: cannot refresh history [4073]
0	12:34:30.989	updatecurrencies DXY_Z9,Daily: initialized
0	12:34:40.190	updatecurrencies DXY_Z9,Daily: uninit reason 3
0	12:34:40.206	Tick-Value ENV-check DXY_Z9,Daily: uninit reason 3
0	12:34:40.206	Tick-Value ENV-check DXY_Z9,H1: initialized
3	12:34:40.206	updatecurrencies DXY_Z9,H1: cannot refresh history [4073]
0	12:34:40.206	updatecurrencies DXY_Z9,H1: initialized
0	12:45:39.032	updatecurrencies DXY_Z9,H1: uninit reason 2
0	12:45:39.048	Expert updatecurrencies DXY_Z9,H1: removed
0	12:45:39.071	Expert New\updatecurrencies DXY_Z9,H1: loaded successfully
3	12:45:39.112	updatecurrencies DXY_Z9,H1: cannot refresh history [4073]
0	12:45:39.113	updatecurrencies DXY_Z9,H1: initialized
0	12:45:58.529	updatecurrencies DXY_Z9,H1: uninit reason 3
0	12:45:58.544	Tick-Value ENV-check DXY_Z9,H1: uninit reason 3
0	12:45:58.544	Tick-Value ENV-check AUDJPY,H1: initialized
0	12:45:58.734	updatecurrencies AUDJPY,H1: initialized
0	12:46:02.091	updatecurrencies AUDJPY,H1: uninit reason 2
0	12:46:02.097	Expert updatecurrencies AUDJPY,H1: removed
0	12:46:02.126	Expert New\updatecurrencies AUDJPY,H1: loaded successfully
0	12:46:02.281	updatecurrencies AUDJPY,H1: initialized
0	12:48:58.050	updatecurrencies AUDJPY,H1: uninit reason 2
0	12:48:58.050	Expert updatecurrencies AUDJPY,H1: removed
0	12:48:58.065	Expert New\updatecurrencies AUDJPY,H1: loaded successfully
0	12:48:58.097	updatecurrencies AUDJPY,H1: initialized
0	12:50:01.975	updatecurrencies AUDJPY,H1: uninit reason 3
0	12:50:01.991	Tick-Value ENV-check AUDJPY,H1: uninit reason 3
0	12:50:01.991	Tick-Value ENV-check XAUUSD,H1: initialized
0	12:50:01.991	updatecurrencies XAUUSD,H1: initialized
0	12:51:50.760	updatecurrencies XAUUSD,H1: uninit reason 2
0	12:51:50.760	Expert updatecurrencies XAUUSD,H1: removed
0	12:51:50.794	Expert New\updatecurrencies XAUUSD,H1: loaded successfully
0	12:51:50.859	updatecurrencies XAUUSD,H1: initialized
0	12:52:03.971	updatecurrencies XAUUSD,H1: uninit reason 2
0	12:52:03.986	Expert updatecurrencies XAUUSD,H1: removed
0	12:52:04.003	Expert New\updatecurrencies XAUUSD,H1: loaded successfully
0	12:52:04.018	updatecurrencies XAUUSD,H1: initialized
0	12:52:45.058	updatecurrencies XAUUSD,H1: uninit reason 2
0	12:52:45.058	Expert updatecurrencies XAUUSD,H1: removed
0	12:52:45.073	Expert New\updatecurrencies XAUUSD,H1: loaded successfully
0	12:52:45.105	updatecurrencies XAUUSD,H1: initialized
0	12:53:31.772	updatecurrencies XAUUSD,H1: uninit reason 2
0	12:53:31.788	Expert updatecurrencies XAUUSD,H1: removed
0	12:53:31.805	Expert New\updatecurrencies XAUUSD,H1: loaded successfully
0	12:53:31.852	updatecurrencies XAUUSD,H1: initialized
0	12:53:49.006	updatecurrencies XAUUSD,H1: uninit reason 1
0	12:53:49.022	Expert updatecurrencies XAUUSD,H1: removed
0	12:53:56.685	Expert New\updatecurrencies XAUUSD,H1: loaded successfully
0	12:53:58.071	updatecurrencies XAUUSD,H1: initialized
0	12:54:45.319	updatecurrencies XAUUSD,H1: uninit reason 2
0	12:54:45.330	Expert updatecurrencies XAUUSD,H1: removed
0	12:54:45.340	Expert New\updatecurrencies XAUUSD,H1: loaded successfully
0	12:54:45.359	updatecurrencies XAUUSD,H1: initialized
0	12:55:11.167	updatecurrencies XAUUSD,H1: uninit reason 3
0	12:55:11.183	Tick-Value ENV-check XAUUSD,H1: uninit reason 3
0	12:55:11.183	Tick-Value ENV-check USDHUF,H1: initialized
0	12:55:12.187	updatecurrencies USDHUF,H1: initialized
0	14:08:16.608	updatetrade EURGBP,M15: uninit reason 2
0	14:08:16.612	Expert updatetrade EURGBP,M15: removed
0	14:08:16.632	Expert New\updatetrade EURGBP,M15: loaded successfully
0	14:08:16.680	updatetrade EURGBP,M15: initialized
0	14:14:07.701	updatecurrencies USDHUF,H1: uninit reason 2
0	14:14:07.701	Expert updatecurrencies USDHUF,H1: removed
0	14:14:07.717	Expert New\updatecurrencies USDHUF,H1: loaded successfully
0	14:14:07.764	updatecurrencies USDHUF,H1: initialized
0	14:15:05.987	Script !TradeExecutor_v1 EURGBP,M15: loaded successfully
0	14:16:25.828	!TradeExecutor_v1 EURGBP,M15 inputs: orderType=1; Account=11.11; Percentage_Risk=100.0; totalLot=0.0; print_lot=1; numOfOrders=1; comment=; PendingOrderPrice=0.0; Sl_Tp_Type=1; Set_SL=1; sl=33.0; tp=99.0; execute_trade=1; send_signal=1; consider=Hey!!! I am considering this setup --- ; ratio=3.0; link=https://www.tradingview.com/x/48Cb2vMo/; 
0	14:16:27.367	!TradeExecutor_v1 EURGBP,M15: initialized
2	14:16:27.800	!TradeExecutor_v1 EURGBP,M15: open #40650407 buy 0.03 EURGBP at 0.84552 ok
0	14:16:27.800	!TradeExecutor_v1 EURGBP,M15: Error = no error
2	14:16:28.483	!TradeExecutor_v1 EURGBP,M15: modify #40650407 buy 0.03 EURGBP at 0.84552 sl: 0.84222 tp: 0.85542 ok
0	14:17:06.368	!TradeExecutor_v1 EURGBP,M15: uninit reason 0
0	14:17:06.376	Script !TradeExecutor_v1 EURGBP,M15: removed
0	14:17:12.671	Script !TradeExecutor_v1 EURGBP,M15: loaded successfully
0	14:17:41.707	!TradeExecutor_v1 EURGBP,M15 inputs: orderType=1; Account=11.11; Percentage_Risk=100.0; totalLot=0.0; print_lot=1; numOfOrders=1; comment=; PendingOrderPrice=0.0; Sl_Tp_Type=2; Set_SL=1; sl=33.0; tp=55.0; execute_trade=1; send_signal=1; consider=Hey!!! I am considering this setup --- ; ratio=3.0; link=https://www.tradingview.com/x/48Cb2vMo/; 
0	14:17:44.254	!TradeExecutor_v1 EURGBP,M15: initialized
3	14:17:44.254	!TradeExecutor_v1 EURGBP,M15: invalid lots amount for OrderSend function
0	14:17:44.254	!TradeExecutor_v1 EURGBP,M15: Error = invalid function parameter value
0	14:17:44.254	!TradeExecutor_v1 EURGBP,M15: uninit reason 0
0	14:17:44.261	Script !TradeExecutor_v1 EURGBP,M15: removed
0	14:17:51.713	Script !TradeExecutor_v1 EURGBP,M15: loaded successfully
0	14:18:18.296	!TradeExecutor_v1 EURGBP,M15 inputs: orderType=1; Account=11.11; Percentage_Risk=100.0; totalLot=0.0; print_lot=1; numOfOrders=1; comment=; PendingOrderPrice=0.0; Sl_Tp_Type=1; Set_SL=1; sl=22.0; tp=55.0; execute_trade=1; send_signal=1; consider=Hey!!! I am considering this setup --- ; ratio=3.0; link=https://www.tradingview.com/x/48Cb2vMo/; 
0	14:18:19.604	!TradeExecutor_v1 EURGBP,M15: initialized
2	14:18:20.290	!TradeExecutor_v1 EURGBP,M15: open #40650549 buy 0.04 EURGBP at 0.84548 ok
0	14:18:20.290	!TradeExecutor_v1 EURGBP,M15: Error = no error
2	14:18:20.681	!TradeExecutor_v1 EURGBP,M15: modify #40650549 buy 0.04 EURGBP at 0.84548 sl: 0.84328 tp: 0.85098 ok
0	14:18:23.570	!TradeExecutor_v1 EURGBP,M15: uninit reason 0
0	14:18:23.570	Script !TradeExecutor_v1 EURGBP,M15: removed
0	16:03:06.948	updatetrade EURGBP,M15: uninit reason 3
0	16:03:06.963	Tick-Value ENV-check EURGBP,M15: uninit reason 3
0	16:03:06.974	Tick-Value ENV-check EURUSD,M15: initialized
0	16:03:06.974	updatetrade EURUSD,M15: initialized
