0	23:50:40.865	Custom indicator Custom\Tick-Value USDJPY,M15: loaded successfully
0	23:50:40.891	Custom indicator Custom\Tick-Value ENV-check USDJPY,M15: loaded successfully
0	23:50:40.919	Custom indicator Custom\Tick-Value USDJPY,M15: loaded successfully
0	23:50:40.948	Custom indicator Custom\Tick-Value ENV-check USDJPY,M15: loaded successfully
0	23:50:40.975	Custom indicator Custom\choppiness-index USDJPY,M15: loaded successfully
0	23:50:41.033	Tick-Value USDJPY,M15: initialized
0	23:50:41.064	Tick-Value ENV-check USDJPY,M15: initialized
0	23:50:41.104	Tick-Value USDJPY,M15: initialized
0	23:50:41.136	Tick-Value ENV-check USDJPY,M15: initialized
0	23:50:41.171	choppiness-index USDJPY,M15: initialized
0	23:50:41.591	Custom indicator Custom\Tick-Value AUDUSD,H4: loaded successfully
0	23:50:41.614	Custom indicator Custom\Tick-Value ENV-check AUDUSD,H4: loaded successfully
0	23:50:41.653	Tick-Value AUDUSD,H4: initialized
0	23:50:41.686	Tick-Value ENV-check AUDUSD,H4: initialized
0	23:50:42.066	Custom indicator Custom\Tick-Value USDTRY,M30: loaded successfully
0	23:50:42.117	Tick-Value USDTRY,M30: initialized
0	23:50:42.469	Custom indicator Custom\Tick-Value CHFJPY,H1: loaded successfully
0	23:50:42.501	Custom indicator Custom\Tick-Value ENV-check CHFJPY,H1: loaded successfully
0	23:50:42.546	Tick-Value CHFJPY,H1: initialized
0	23:50:42.584	Tick-Value ENV-check CHFJPY,H1: initialized
0	23:50:42.838	Custom indicator Custom\Tick-Value CHFJPY,H1: loaded successfully
0	23:50:42.862	Custom indicator Custom\Tick-Value ENV-check CHFJPY,H1: loaded successfully
0	23:50:42.905	Tick-Value CHFJPY,H1: initialized
0	23:50:42.933	Tick-Value ENV-check CHFJPY,H1: initialized
0	23:50:43.146	Custom indicator Custom\Tick-Value USDCHF,M15: loaded successfully
0	23:50:43.167	Custom indicator Custom\Tick-Value ENV-check USDCHF,M15: loaded successfully
0	23:50:43.213	Tick-Value USDCHF,M15: initialized
0	23:50:43.245	Tick-Value ENV-check USDCHF,M15: initialized
0	23:50:43.466	Custom indicator Custom\Tick-Value USDCNH,H4: loaded successfully
0	23:50:43.489	Custom indicator Custom\Tick-Value ENV-check USDCNH,H4: loaded successfully
0	23:50:43.525	Tick-Value USDCNH,H4: initialized
0	23:50:43.559	Tick-Value ENV-check USDCNH,H4: initialized
0	23:50:43.881	Custom indicator Custom\Tick-Value GBPTRY,M15: loaded successfully
0	23:50:43.924	Tick-Value GBPTRY,M15: initialized
0	23:50:44.140	Custom indicator Ian\Tick-Value NZDJPY,H1: loaded successfully
0	23:50:44.173	Tick-Value NZDJPY,H1: initialized
0	23:50:44.247	Custom indicator Custom\Tick-Value AUDUSD,M15: loaded successfully
0	23:50:44.272	Custom indicator Custom\Tick-Value ENV-check AUDUSD,M15: loaded successfully
0	23:50:44.292	Custom indicator Custom\Tick-Value ENV-check AUDUSD,M15: loaded successfully
0	23:50:44.327	Tick-Value AUDUSD,M15: initialized
0	23:50:44.352	Tick-Value ENV-check AUDUSD,M15: initialized
0	23:50:44.383	Tick-Value ENV-check AUDUSD,M15: initialized
0	23:50:44.609	Custom indicator Custom\Tick-Value CADJPY,Daily: loaded successfully
0	23:50:44.640	Custom indicator Custom\Tick-Value ENV-check CADJPY,Daily: loaded successfully
0	23:50:44.673	Custom indicator Custom\Tick-Value CADJPY,Daily: loaded successfully
0	23:50:44.723	Tick-Value CADJPY,Daily: initialized
0	23:50:44.762	Tick-Value ENV-check CADJPY,Daily: initialized
0	23:50:44.810	Tick-Value CADJPY,Daily: initialized
0	23:50:45.432	Custom indicator Custom\Tick-Value AUDCAD,H1: loaded successfully
0	23:50:45.464	Custom indicator Custom\Tick-Value ENV-check AUDCAD,H1: loaded successfully
0	23:50:45.511	Tick-Value AUDCAD,H1: initialized
0	23:50:45.546	Tick-Value ENV-check AUDCAD,H1: initialized
0	23:50:45.809	Custom indicator Custom\Tick-Value NZDCAD,H4: loaded successfully
0	23:50:45.846	Tick-Value NZDCAD,H4: initialized
0	23:51:16.830	Tick-Value USDJPY,M15: uninit reason 7
0	23:51:16.841	Tick-Value ENV-check USDJPY,M15: uninit reason 7
0	23:51:16.842	Tick-Value USDJPY,M15: uninit reason 7
0	23:51:16.857	Tick-Value ENV-check USDJPY,M15: uninit reason 7
0	23:51:16.858	choppiness-index USDJPY,M15: uninit reason 7
0	23:51:16.862	Custom indicator Tick-Value USDJPY,M15: removed
0	23:51:16.868	Custom indicator Tick-Value ENV-check USDJPY,M15: removed
0	23:51:16.873	Custom indicator Tick-Value USDJPY,M15: removed
0	23:51:16.877	Custom indicator Tick-Value ENV-check USDJPY,M15: removed
0	23:51:16.882	Custom indicator choppiness-index USDJPY,M15: removed
0	23:51:16.919	Custom indicator Custom\Tick-Value USDJPY,M15: loaded successfully
0	23:51:16.967	Tick-Value USDJPY,M15: initialized
0	23:51:26.725	Tick-Value USDJPY,M15: uninit reason 7
0	23:51:26.738	Custom indicator Tick-Value USDJPY,M15: removed
0	23:51:26.768	Custom indicator Custom\Tick-Value USDJPY,M15: loaded successfully
0	23:51:26.804	Tick-Value USDJPY,M15: initialized
0	23:51:30.844	Tick-Value USDJPY,M15: uninit reason 7
0	23:51:30.864	Custom indicator Tick-Value USDJPY,M15: removed
0	23:51:30.900	Custom indicator Ian\Tick-Value USDJPY,M15: loaded successfully
0	23:51:31.161	Custom indicator Ian\Ref\Band USDJPY,M15: loaded successfully
0	23:51:31.325	Custom indicator Ian\Ref\Trigger USDJPY,M15: loaded successfully
0	23:51:31.351	Custom indicator Ian\Ref\VN REVERSAL USDJPY,M15: loaded successfully
0	23:51:31.384	Tick-Value USDJPY,M15: initialized
0	23:51:31.384	Band USDJPY,M15: initialized
0	23:51:31.384	Trigger USDJPY,M15: initialized
0	23:51:31.437	VN REVERSAL USDJPY,M15: initialized
0	23:51:42.371	Tick-Value USDJPY,M15: uninit reason 7
0	23:51:42.371	Band USDJPY,M15: deinitialized
0	23:51:42.371	Band USDJPY,M15: uninit reason 7
0	23:51:42.371	Trigger USDJPY,M15: uninit reason 7
0	23:51:42.371	VN REVERSAL USDJPY,M15: uninit reason 7
0	23:51:42.376	Custom indicator Tick-Value USDJPY,M15: removed
0	23:51:42.376	Custom indicator Band USDJPY,M15: removed
0	23:51:42.376	Custom indicator Trigger USDJPY,M15: removed
0	23:51:42.380	Custom indicator VN REVERSAL USDJPY,M15: removed
0	23:51:42.407	Custom indicator Ian\Tick-Value USDJPY,M15: loaded successfully
0	23:51:42.431	Custom indicator AFI Stochastic (1) USDJPY,M15: loaded successfully
0	23:51:42.464	Tick-Value USDJPY,M15: initialized
0	23:51:42.487	AFI Stochastic (1) USDJPY,M15: initialized
0	23:52:05.029	Tick-Value USDJPY,M15: uninit reason 7
0	23:52:05.029	AFI Stochastic (1) USDJPY,M15: uninit reason 7
0	23:52:05.034	Custom indicator Tick-Value USDJPY,M15: removed
0	23:52:05.039	Custom indicator AFI Stochastic (1) USDJPY,M15: removed
0	23:52:05.068	Custom indicator Custom\Tick-Value USDJPY,M15: loaded successfully
0	23:52:05.096	Custom indicator Custom\Tick-Value ENV-check USDJPY,M15: loaded successfully
0	23:52:05.134	Tick-Value USDJPY,M15: initialized
0	23:52:05.170	Tick-Value ENV-check USDJPY,M15: initialized
0	23:52:11.235	Tick-Value USDJPY,M15: uninit reason 7
0	23:52:11.244	Tick-Value ENV-check USDJPY,M15: uninit reason 7
0	23:52:11.248	Custom indicator Tick-Value USDJPY,M15: removed
0	23:52:11.255	Custom indicator Tick-Value ENV-check USDJPY,M15: removed
0	23:52:11.280	Custom indicator Custom\Tick-Value USDJPY,M15: loaded successfully
0	23:52:11.315	Tick-Value USDJPY,M15: initialized
0	23:52:15.005	Tick-Value USDJPY,M15: uninit reason 7
0	23:52:15.019	Custom indicator Tick-Value USDJPY,M15: removed
0	23:52:15.048	Custom indicator Custom\Tick-Value USDJPY,M15: loaded successfully
0	23:52:15.089	Tick-Value USDJPY,M15: initialized
0	23:52:19.651	Tick-Value USDJPY,M15: uninit reason 7
0	23:52:19.666	Custom indicator Tick-Value USDJPY,M15: removed
0	23:52:19.704	Custom indicator Custom\Tick-Value USDJPY,M15: loaded successfully
0	23:52:19.755	Tick-Value USDJPY,M15: initialized
